# JRE version: OpenJDK Runtime Environment Temurin-21.0.9+10 (21.0.9+10) (build 21.0.9+10-LTS)
# Java VM: OpenJDK 64-Bit Server VM Temurin-21.0.9+10 (21.0.9+10-LTS, mixed mode, sharing, tiered, compressed oops, compressed class ptrs, g1 gc, windows-amd64)
GC Precious Log:
 CardTable entry size: 512
 Card Set container configuration: InlinePtr #cards 4 size 8 Array Of Cards #cards 16 size 48 Howl #buckets 8 coarsen threshold 3686 Howl Bitmap #cards 512 size 80 coarsen threshold 460 Card regions per heap region 1 cards per card region 4096
 CPUs: 14 total, 14 available
 Memory: 15881M
 Large Page Support: Disabled
 NUMA Support: Disabled
 Compressed Oops: Enabled (Zero based)
 Heap Region Size: 2M
 Heap Min Capacity: 8M
 Heap Initial Capacity: 250M
 Heap Max Capacity: 3972M
 Pre-touch: Disabled
 Parallel Workers: 11
 Concurrent Workers: 3
 Concurrent Refinement Workers: 11
 Periodic GC: Disabled
Heap:
 garbage-first heap   total 102400K, used 45121K [0x0000000707c00000, 0x0000000800000000)
  region size 2048K, 8 young (16384K), 3 survivors (6144K)
 Metaspace       used 84741K, committed 85696K, reserved 1179648K
  class space    used 10912K, committed 11392K, reserved 1048576K
GC Heap History (20 events):
Event: 351.731 GC heap before
{Heap before GC invocations=30 (full 4):
 garbage-first heap   total 102400K, used 64634K [0x0000000707c00000, 0x0000000800000000)
  region size 2048K, 18 young (36864K), 3 survivors (6144K)
 Metaspace       used 82186K, committed 83072K, reserved 1179648K
  class space    used 10779K, committed 11200K, reserved 1048576K
}
Event: 351.764 GC heap after
{Heap after GC invocations=31 (full 5):
 garbage-first heap   total 102400K, used 30575K [0x0000000707c00000, 0x0000000800000000)
  region size 2048K, 0 young (0K), 0 survivors (0K)
 Metaspace       used 82163K, committed 83072K, reserved 1179648K
  class space    used 10778K, committed 11200K, reserved 1048576K
}
Event: 353.022 GC heap before
{Heap before GC invocations=31 (full 5):
 garbage-first heap   total 102400K, used 85871K [0x0000000707c00000, 0x0000000800000000)
  region size 2048K, 27 young (55296K), 0 survivors (0K)
 Metaspace       used 82483K, committed 83392K, reserved 1179648K
  class space    used 10796K, committed 11200K, reserved 1048576K
}
Event: 353.026 GC heap after
{Heap after GC invocations=32 (full 5):
 garbage-first heap   total 102400K, used 36209K [0x0000000707c00000, 0x0000000800000000)
  region size 2048K, 3 young (6144K), 3 survivors (6144K)
 Metaspace       used 82483K, committed 83392K, reserved 1179648K
  class space    used 10796K, committed 11200K, reserved 1048576K
}
Event: 380.308 GC heap before
{Heap before GC invocations=32 (full 5):
 garbage-first heap   total 102400K, used 64881K [0x0000000707c00000, 0x0000000800000000)
  region size 2048K, 18 young (36864K), 3 survivors (6144K)
 Metaspace       used 82717K, committed 83648K, reserved 1179648K
  class space    used 10807K, committed 11264K, reserved 1048576K
}
Event: 380.341 GC heap after
{Heap after GC invocations=33 (full 6):
 garbage-first heap   total 102400K, used 30801K [0x0000000707c00000, 0x0000000800000000)
  region size 2048K, 0 young (0K), 0 survivors (0K)
 Metaspace       used 82694K, committed 83584K, reserved 1179648K
  class space    used 10805K, committed 11200K, reserved 1048576K
}
Event: 381.727 GC heap before
{Heap before GC invocations=33 (full 6):
 garbage-first heap   total 102400K, used 84049K [0x0000000707c00000, 0x0000000800000000)
  region size 2048K, 27 young (55296K), 0 survivors (0K)
 Metaspace       used 83005K, committed 83904K, reserved 1179648K
  class space    used 10822K, committed 11264K, reserved 1048576K
}
Event: 381.729 GC heap after
{Heap after GC invocations=34 (full 6):
 garbage-first heap   total 102400K, used 36238K [0x0000000707c00000, 0x0000000800000000)
  region size 2048K, 3 young (6144K), 3 survivors (6144K)
 Metaspace       used 83005K, committed 83904K, reserved 1179648K
  class space    used 10822K, committed 11264K, reserved 1048576K
}
Event: 391.643 GC heap before
{Heap before GC invocations=34 (full 6):
 garbage-first heap   total 102400K, used 62862K [0x0000000707c00000, 0x0000000800000000)
  region size 2048K, 17 young (34816K), 3 survivors (6144K)
 Metaspace       used 83209K, committed 84096K, reserved 1179648K
  class space    used 10833K, committed 11264K, reserved 1048576K
}
Event: 391.678 GC heap after
{Heap after GC invocations=35 (full 7):
 garbage-first heap   total 102400K, used 31034K [0x0000000707c00000, 0x0000000800000000)
  region size 2048K, 0 young (0K), 0 survivors (0K)
 Metaspace       used 83186K, committed 84096K, reserved 1179648K
  class space    used 10831K, committed 11264K, reserved 1048576K
}
Event: 393.032 GC heap before
{Heap before GC invocations=35 (full 7):
 garbage-first heap   total 102400K, used 86330K [0x0000000707c00000, 0x0000000800000000)
  region size 2048K, 27 young (55296K), 0 survivors (0K)
 Metaspace       used 83458K, committed 84416K, reserved 1179648K
  class space    used 10848K, committed 11264K, reserved 1048576K
}
Event: 393.035 GC heap after
{Heap after GC invocations=36 (full 7):
 garbage-first heap   total 102400K, used 36468K [0x0000000707c00000, 0x0000000800000000)
  region size 2048K, 3 young (6144K), 3 survivors (6144K)
 Metaspace       used 83458K, committed 84416K, reserved 1179648K
  class space    used 10848K, committed 11264K, reserved 1048576K
}
Event: 415.197 GC heap before
{Heap before GC invocations=36 (full 7):
 garbage-first heap   total 102400K, used 65140K [0x0000000707c00000, 0x0000000800000000)
  region size 2048K, 18 young (36864K), 3 survivors (6144K)
 Metaspace       used 83725K, committed 84672K, reserved 1179648K
  class space    used 10861K, committed 11328K, reserved 1048576K
}
Event: 415.231 GC heap after
{Heap after GC invocations=37 (full 8):
 garbage-first heap   total 102400K, used 31260K [0x0000000707c00000, 0x0000000800000000)
  region size 2048K, 0 young (0K), 0 survivors (0K)
 Metaspace       used 83702K, committed 84672K, reserved 1179648K
  class space    used 10859K, committed 11328K, reserved 1048576K
}
Event: 416.528 GC heap before
{Heap before GC invocations=37 (full 8):
 garbage-first heap   total 102400K, used 84508K [0x0000000707c00000, 0x0000000800000000)
  region size 2048K, 27 young (55296K), 0 survivors (0K)
 Metaspace       used 84029K, committed 84992K, reserved 1179648K
  class space    used 10874K, committed 11328K, reserved 1048576K
}
Event: 416.532 GC heap after
{Heap after GC invocations=38 (full 8):
 garbage-first heap   total 102400K, used 36693K [0x0000000707c00000, 0x0000000800000000)
  region size 2048K, 3 young (6144K), 3 survivors (6144K)
 Metaspace       used 84029K, committed 84992K, reserved 1179648K
  class space    used 10874K, committed 11328K, reserved 1048576K
}
Event: 439.612 GC heap before
{Heap before GC invocations=38 (full 8):
 garbage-first heap   total 102400K, used 65365K [0x0000000707c00000, 0x0000000800000000)
  region size 2048K, 18 young (36864K), 3 survivors (6144K)
 Metaspace       used 84271K, committed 85248K, reserved 1179648K
  class space    used 10888K, committed 11328K, reserved 1048576K
}
Event: 439.645 GC heap after
{Heap after GC invocations=39 (full 9):
 garbage-first heap   total 102400K, used 31493K [0x0000000707c00000, 0x0000000800000000)
  region size 2048K, 0 young (0K), 0 survivors (0K)
 Metaspace       used 84248K, committed 85248K, reserved 1179648K
  class space    used 10886K, committed 11328K, reserved 1048576K
}
Event: 440.941 GC heap before
{Heap before GC invocations=39 (full 9):
 garbage-first heap   total 102400K, used 84741K [0x0000000707c00000, 0x0000000800000000)
  region size 2048K, 27 young (55296K), 0 survivors (0K)
 Metaspace       used 84510K, committed 85440K, reserved 1179648K
  class space    used 10905K, committed 11328K, reserved 1048576K
}
Event: 440.944 GC heap after
{Heap after GC invocations=40 (full 9):
 garbage-first heap   total 102400K, used 36929K [0x0000000707c00000, 0x0000000800000000)
  region size 2048K, 3 young (6144K), 3 survivors (6144K)
 Metaspace       used 84510K, committed 85440K, reserved 1179648K
  class space    used 10905K, committed 11328K, reserved 1048576K
}

